<?xml version="1.0" encoding="UTF-8"?>
<!-- Generated by org.testng.reporters.JUnitReportReporter -->
<testsuite hostname="LTIN264270" failures="0" tests="1" name="TestCase.Tc_1TravelInsuranceRunner" time="81.597" errors="0" timestamp="2024-03-25T14:54:03 IST" skipped="0">
  <testcase classname="TestCase.Tc_1TravelInsuranceRunner" name="travelInsurance" time="81.597"/>
</testsuite> <!-- TestCase.Tc_1TravelInsuranceRunner -->
